2026-05-10 14:00:01 INFO  Starting application server on port 8080
2026-05-10 14:00:02 INFO  Connected to database at postgres://db:5432/app
2026-05-10 14:00:02 INFO  Redis cache connected at redis://cache:6379
2026-05-10 14:00:03 INFO  Loading configuration from /etc/app/config.yaml
2026-05-10 14:00:04 INFO  Running database migrations...
2026-05-10 14:00:05 INFO  Migration 0042_add_user_index applied successfully
2026-05-10 14:00:06 INFO  Server ready. Accepting connections.
2026-05-10 14:01:10 INFO  GET /api/health 200 12ms
2026-05-10 14:01:11 INFO  GET /api/users 200 45ms
2026-05-10 14:01:15 INFO  POST /api/orders 201 88ms
2026-05-10 14:02:00 WARN  Slow query detected: SELECT * FROM orders WHERE user_id=? took 1203ms
2026-05-10 14:02:01 INFO  GET /api/orders 200 1210ms
2026-05-10 14:02:45 ERROR database connection timeout after 5000ms — retrying (1/3)
2026-05-10 14:02:46 ERROR database connection timeout after 5000ms — retrying (2/3)
2026-05-10 14:02:47 ERROR database connection timeout after 5000ms — retrying (3/3)
2026-05-10 14:02:47 CRITICAL Failed to reconnect to database. Aborting request.
2026-05-10 14:02:48 ERROR Unhandled exception in request handler
Traceback (most recent call last):
  File "/app/handlers/order_handler.py", line 42, in handle_post
    result = db.execute(query, params)
  File "/app/db/connection.py", line 88, in execute
    raise ConnectionError("Database unavailable")
ConnectionError: Database unavailable
2026-05-10 14:02:49 ERROR POST /api/orders 500 5103ms
2026-05-10 14:02:50 WARN  Circuit breaker OPEN for db-primary after 3 consecutive failures
2026-05-10 14:03:00 INFO  Switching to db-replica for reads
2026-05-10 14:03:01 INFO  GET /api/orders 200 310ms (replica)
2026-05-10 14:03:15 WARN  Memory usage at 78% — threshold is 80%
2026-05-10 14:03:20 ERROR connection refused connecting to payment-service:3001
2026-05-10 14:03:21 ERROR POST /api/checkout 502 200ms — upstream payment-service unavailable
2026-05-10 14:03:22 ERROR connection refused connecting to payment-service:3001
2026-05-10 14:03:23 ERROR connection refused connecting to payment-service:3001
2026-05-10 14:04:00 WARN  Deprecated API endpoint /api/v1/users called — use /api/v2/users
2026-05-10 14:04:10 INFO  Background job user-cleanup completed in 320ms
2026-05-10 14:04:15 ERROR connection refused connecting to payment-service:3001
2026-05-10 14:04:20 WARN  Slow query detected: SELECT * FROM audit_log WHERE created_at > ? took 2100ms
2026-05-10 14:05:00 INFO  Health check passed
2026-05-10 14:05:01 WARN  Rate limit approaching for external API client_id=xyz123 (480/500 req/min)
2026-05-10 14:05:10 ERROR 429 Too Many Requests from notifications-api
2026-05-10 14:05:11 ERROR Failed to send email notification for order_id=88321: upstream rate limited
2026-05-10 14:05:12 INFO  Notification queued for retry in 60s
2026-05-10 14:06:00 INFO  db-primary reconnected successfully
2026-05-10 14:06:01 INFO  Circuit breaker CLOSED for db-primary
2026-05-10 14:06:05 INFO  POST /api/orders 201 92ms
2026-05-10 14:06:10 INFO  GET /api/health 200 8ms
2026-05-10 14:07:00 INFO  All systems nominal
